::1 - - [24/Apr/2020:10:52:37 +0000] "GET /api/products/ HTTP/1.1" 404 152 "-" "PostmanRuntime/7.24.1"
::1 - - [24/Apr/2020:10:52:40 +0000] "GET /api/product HTTP/1.1" 404 150 "-" "PostmanRuntime/7.24.1"
::1 - - [24/Apr/2020:10:52:51 +0000] "GET /api/products HTTP/1.1" 404 151 "-" "PostmanRuntime/7.24.1"
::1 - - [24/Apr/2020:10:53:00 +0000] "GET /api/products HTTP/1.1" 404 151 "-" "PostmanRuntime/7.24.1"
::1 - - [24/Apr/2020:10:53:01 +0000] "GET /api/products HTTP/1.1" 404 151 "-" "PostmanRuntime/7.24.1"
::1 - - [24/Apr/2020:10:53:01 +0000] "GET /api/products HTTP/1.1" 404 151 "-" "PostmanRuntime/7.24.1"
::1 - - [24/Apr/2020:10:53:57 +0000] "GET /api/products HTTP/1.1" 404 151 "-" "PostmanRuntime/7.24.1"
::1 - - [24/Apr/2020:10:54:07 +0000] "GET / HTTP/1.1" 200 20 "-" "PostmanRuntime/7.24.1"
::1 - - [24/Apr/2020:10:54:41 +0000] "POST /api/products HTTP/1.1" - - "-" "PostmanRuntime/7.24.1"
::1 - - [24/Apr/2020:10:54:53 +0000] "POST /api/products HTTP/1.1" - - "-" "PostmanRuntime/7.24.1"
::1 - - [24/Apr/2020:10:55:58 +0000] "POST /api/products HTTP/1.1" 200 13 "-" "PostmanRuntime/7.24.1"
::1 - - [24/Apr/2020:10:58:46 +0000] "POST /api/products HTTP/1.1" 200 38 "-" "PostmanRuntime/7.24.1"
::1 - - [24/Apr/2020:11:04:46 +0000] "POST /api/products HTTP/1.1" 200 38 "-" "PostmanRuntime/7.24.1"
::1 - - [24/Apr/2020:11:21:57 +0000] "DELETE /api/products/asdasdsa HTTP/1.1" 200 13 "-" "PostmanRuntime/7.24.1"
::1 - - [24/Apr/2020:11:23:40 +0000] "DELETE /api/products/asdasdsa HTTP/1.1" 200 13 "-" "PostmanRuntime/7.24.1"
::1 - - [24/Apr/2020:11:23:50 +0000] "DELETE /api/products/asdasdsa HTTP/1.1" 200 190 "-" "PostmanRuntime/7.24.1"
::ffff:127.0.0.1 - - [24/Apr/2020:11:24:07 +0000] "DELETE /api/products/asdasdsa HTTP/1.1" 200 190 "-" "PostmanRuntime/7.24.1"
::ffff:127.0.0.1 - - [24/Apr/2020:11:24:17 +0000] "DELETE /api/products/asdasdsa HTTP/1.1" 200 78 "-" "PostmanRuntime/7.24.1"
::ffff:127.0.0.1 - - [24/Apr/2020:11:24:34 +0000] "DELETE /api/products/asdasdsa HTTP/1.1" 405 190 "-" "PostmanRuntime/7.24.1"
::1 - - [24/Apr/2020:11:25:04 +0000] "DELETE /api/products/5ea2c664a4924e2df4c9b23c HTTP/1.1" - - "-" "PostmanRuntime/7.24.1"
::1 - - [24/Apr/2020:11:26:01 +0000] "DELETE /api/products/5ea2c7cc0419b83740c98017 HTTP/1.1" 200 21 "-" "PostmanRuntime/7.24.1"
::1 - - [24/Apr/2020:11:26:12 +0000] "POST /api/products/5ea2c7cc0419b83740c98017 HTTP/1.1" 404 177 "-" "PostmanRuntime/7.24.1"
::1 - - [24/Apr/2020:11:26:17 +0000] "POST /api/products/ HTTP/1.1" 200 38 "-" "PostmanRuntime/7.24.1"
::1 - - [24/Apr/2020:11:26:24 +0000] "DELETE /api/products/5ea2ccd9f8340b26e0acff42 HTTP/1.1" 200 21 "-" "PostmanRuntime/7.24.1"
::1 - - [24/Apr/2020:11:27:08 +0000] "POST /api/products/ HTTP/1.1" 200 38 "-" "PostmanRuntime/7.24.1"
::1 - - [24/Apr/2020:11:27:15 +0000] "GET /api/products/5ea2cd0b4cbd0339e09ec556 HTTP/1.1" 200 164 "-" "PostmanRuntime/7.24.1"
::1 - - [24/Apr/2020:11:29:30 +0000] "PUT /api/products/5ea2cd0b4cbd0339e09ec556 HTTP/1.1" 200 328 "-" "PostmanRuntime/7.24.1"
::1 - - [24/Apr/2020:11:29:38 +0000] "GET /api/products/5ea2cd0b4cbd0339e09ec556 HTTP/1.1" 200 164 "-" "PostmanRuntime/7.24.1"
::1 - - [24/Apr/2020:11:29:45 +0000] "PUT /api/products/5ea2cd0b4cbd0339e09ec556 HTTP/1.1" 200 328 "-" "PostmanRuntime/7.24.1"
::1 - - [24/Apr/2020:11:32:11 +0000] "PUT /api/products/5ea2cd0b4cbd0339e09ec556 HTTP/1.1" 200 328 "-" "PostmanRuntime/7.24.1"
::1 - - [24/Apr/2020:11:32:56 +0000] "PUT /api/products/5ea2cd0b4cbd0339e09ec556 HTTP/1.1" 200 328 "-" "PostmanRuntime/7.24.1"
::1 - - [24/Apr/2020:11:33:56 +0000] "PUT /api/products/5ea2cd0b4cbd0339e09ec556 HTTP/1.1" 200 328 "-" "PostmanRuntime/7.24.1"
::1 - - [24/Apr/2020:11:40:10 +0000] "PUT /api/products/5ea2cd0b4cbd0339e09ec556 HTTP/1.1" 200 7 "-" "PostmanRuntime/7.24.1"
::1 - - [24/Apr/2020:11:40:16 +0000] "GET /api/products/5ea2cd0b4cbd0339e09ec556 HTTP/1.1" 200 166 "-" "PostmanRuntime/7.24.1"
::1 - - [24/Apr/2020:11:40:43 +0000] "PUT /api/products/5ea2cd0b4cbd0339e09ec556 HTTP/1.1" 200 7 "-" "PostmanRuntime/7.24.1"
::1 - - [24/Apr/2020:11:40:48 +0000] "GET /api/products/5ea2cd0b4cbd0339e09ec556 HTTP/1.1" 200 199 "-" "PostmanRuntime/7.24.1"
::1 - - [24/Apr/2020:11:41:02 +0000] "PUT /api/products/5ea2cd0b4cbd0339e09ec556 HTTP/1.1" 200 7 "-" "PostmanRuntime/7.24.1"
::1 - - [24/Apr/2020:11:41:04 +0000] "GET /api/products/5ea2cd0b4cbd0339e09ec556 HTTP/1.1" 200 210 "-" "PostmanRuntime/7.24.1"
::1 - - [24/Apr/2020:11:44:26 +0000] "GET /api/products/5ea2cd0b4cbd0339e09ec556 HTTP/1.1" 200 210 "-" "PostmanRuntime/7.24.1"
::1 - - [24/Apr/2020:11:44:55 +0000] "PUT /api/products/5ea2cd0b4cbd0339e09ec556 HTTP/1.1" 200 286 "-" "PostmanRuntime/7.24.1"
::1 - - [24/Apr/2020:11:45:06 +0000] "PUT /api/products/5ea2cd0b4cbd0339e09ec556 HTTP/1.1" 200 286 "-" "PostmanRuntime/7.24.1"
::1 - - [24/Apr/2020:11:45:15 +0000] "PUT /api/products/5ea2cd0b4cbd0339e09ec556 HTTP/1.1" 200 286 "-" "PostmanRuntime/7.24.1"
::1 - - [24/Apr/2020:11:45:17 +0000] "PUT /api/products/5ea2cd0b4cbd0339e09ec556 HTTP/1.1" 200 286 "-" "PostmanRuntime/7.24.1"
::ffff:127.0.0.1 - - [24/Apr/2020:11:45:40 +0000] "PUT /api/products/5ea2cd0b4cbd0339e09ec556 HTTP/1.1" 200 17 "-" "PostmanRuntime/7.24.1"
::1 - - [24/Apr/2020:11:47:01 +0000] "PUT /api/products/5ea2cd0b4cbd0339e09ec556 HTTP/1.1" 200 17 "-" "PostmanRuntime/7.24.1"
::1 - - [24/Apr/2020:11:48:18 +0000] "GET /api/products/5ea2cd0b4cbd0339e09ec556 HTTP/1.1" 200 220 "-" "PostmanRuntime/7.24.1"
::1 - - [24/Apr/2020:11:51:18 +0000] "GET /api/products/5ea2cd0b4cbd0339e09ec556?=museum HTTP/1.1" 401 13 "-" "PostmanRuntime/7.24.1"
::1 - - [24/Apr/2020:11:51:25 +0000] "GET /api/products/5ea2cd0b4cbd0339e09ec556?=museum HTTP/1.1" 200 220 "-" "PostmanRuntime/7.24.1"
::1 - - [24/Apr/2020:11:51:36 +0000] "POST /api/products/5ea2cd0b4cbd0339e09ec556 HTTP/1.1" 404 177 "-" "PostmanRuntime/7.24.1"
::1 - - [24/Apr/2020:11:51:41 +0000] "POST /api/products/ HTTP/1.1" 200 38 "-" "PostmanRuntime/7.24.1"
::1 - - [24/Apr/2020:11:51:44 +0000] "POST /api/products/ HTTP/1.1" 401 13 "-" "PostmanRuntime/7.24.1"
::1 - - [24/Apr/2020:11:51:48 +0000] "POST /api/products/ HTTP/1.1" 200 38 "-" "PostmanRuntime/7.24.1"
::1 - - [24/Apr/2020:11:51:56 +0000] "PUT /api/products/5ea2cd0b4cbd0339e09ec556 HTTP/1.1" 200 17 "-" "PostmanRuntime/7.24.1"
