::1 - - [29/Feb/2020:20:49:59 +0000] "POST /api/ums/login HTTP/1.1" 200 149 "-" "PostmanRuntime/7.22.0"
::1 - - [12/Apr/2020:16:09:25 +0000] "POST /api/ums/login HTTP/1.1" 200 149 "-" "PostmanRuntime/7.23.0"
::1 - - [12/Apr/2020:16:10:48 +0000] "GET /api/ums/borrow HTTP/1.1" 401 13 "-" "PostmanRuntime/7.23.0"
::1 - - [12/Apr/2020:16:10:55 +0000] "GET /api/ums/borrow HTTP/1.1" 200 27 "-" "PostmanRuntime/7.23.0"
::1 - - [12/Apr/2020:16:11:02 +0000] "GET /api/ums/borrow HTTP/1.1" 200 27 "-" "PostmanRuntime/7.23.0"
::1 - - [12/Apr/2020:16:11:06 +0000] "GET /api/ums/borrow HTTP/1.1" 200 27 "-" "PostmanRuntime/7.23.0"
::1 - - [12/Apr/2020:16:11:11 +0000] "GET /api/ums/borrow HTTP/1.1" 200 27 "-" "PostmanRuntime/7.23.0"
::1 - - [12/Apr/2020:16:11:15 +0000] "GET /api/ums/borrow HTTP/1.1" 401 13 "-" "PostmanRuntime/7.23.0"
::1 - - [12/Apr/2020:16:11:20 +0000] "GET /api/ums/login HTTP/1.1" 404 152 "-" "PostmanRuntime/7.23.0"
::1 - - [12/Apr/2020:16:11:41 +0000] "GET /api/ums/login HTTP/1.1" 404 152 "-" "PostmanRuntime/7.23.0"
::1 - - [12/Apr/2020:16:11:48 +0000] "POST /api/ums/login HTTP/1.1" 200 149 "-" "PostmanRuntime/7.23.0"
::1 - - [12/Apr/2020:16:11:54 +0000] "POST /api/ums/login HTTP/1.1" 400 21 "-" "PostmanRuntime/7.23.0"
::1 - - [12/Apr/2020:16:11:58 +0000] "POST /api/ums/login HTTP/1.1" 200 149 "-" "PostmanRuntime/7.23.0"
::1 - - [12/Apr/2020:16:23:24 +0000] "POST /api/ums/login HTTP/1.1" 200 149 "-" "PostmanRuntime/7.23.0"
::1 - - [12/Apr/2020:16:23:31 +0000] "POST /api/ums/login HTTP/1.1" 200 149 "-" "PostmanRuntime/7.23.0"
::1 - - [12/Apr/2020:16:24:12 +0000] "OPTIONS /api/ums/login HTTP/1.1" 204 0 "http://localhost:3000/login" "Mozilla/5.0 (Windows NT 10.0; Win64; x64) AppleWebKit/537.36 (KHTML, like Gecko) Chrome/80.0.3987.163 Safari/537.36"
::1 - - [12/Apr/2020:16:24:12 +0000] "POST /api/ums/login HTTP/1.1" 400 17 "http://localhost:3000/login" "Mozilla/5.0 (Windows NT 10.0; Win64; x64) AppleWebKit/537.36 (KHTML, like Gecko) Chrome/80.0.3987.163 Safari/537.36"
::1 - - [12/Apr/2020:16:24:46 +0000] "OPTIONS /api/ums/login HTTP/1.1" 204 0 "http://localhost:3000/login" "Mozilla/5.0 (Windows NT 10.0; Win64; x64) AppleWebKit/537.36 (KHTML, like Gecko) Chrome/80.0.3987.163 Safari/537.36"
::1 - - [12/Apr/2020:16:24:46 +0000] "POST /api/ums/login HTTP/1.1" 200 149 "http://localhost:3000/login" "Mozilla/5.0 (Windows NT 10.0; Win64; x64) AppleWebKit/537.36 (KHTML, like Gecko) Chrome/80.0.3987.163 Safari/537.36"
::1 - - [12/Apr/2020:16:25:16 +0000] "OPTIONS /api/ums/login HTTP/1.1" 204 0 "http://localhost:3000/login" "Mozilla/5.0 (Windows NT 10.0; Win64; x64) AppleWebKit/537.36 (KHTML, like Gecko) Chrome/80.0.3987.163 Safari/537.36"
::1 - - [12/Apr/2020:16:25:16 +0000] "POST /api/ums/login HTTP/1.1" 200 149 "http://localhost:3000/login" "Mozilla/5.0 (Windows NT 10.0; Win64; x64) AppleWebKit/537.36 (KHTML, like Gecko) Chrome/80.0.3987.163 Safari/537.36"
::1 - - [12/Apr/2020:16:26:24 +0000] "OPTIONS /api/ums/login HTTP/1.1" 204 0 "http://localhost:3000/login" "Mozilla/5.0 (Windows NT 10.0; Win64; x64) AppleWebKit/537.36 (KHTML, like Gecko) Chrome/80.0.3987.163 Safari/537.36"
::1 - - [12/Apr/2020:16:26:24 +0000] "POST /api/ums/login HTTP/1.1" 200 149 "http://localhost:3000/login" "Mozilla/5.0 (Windows NT 10.0; Win64; x64) AppleWebKit/537.36 (KHTML, like Gecko) Chrome/80.0.3987.163 Safari/537.36"
::1 - - [12/Apr/2020:16:32:34 +0000] "POST /api/ums/login HTTP/1.1" - - "-" "PostmanRuntime/7.23.0"
::1 - - [12/Apr/2020:16:34:00 +0000] "POST /api/ums/login HTTP/1.1" 200 149 "-" "PostmanRuntime/7.23.0"
::1 - - [12/Apr/2020:16:34:42 +0000] "POST /api/ums/login HTTP/1.1" 200 149 "-" "PostmanRuntime/7.23.0"
::ffff:127.0.0.1 - - [12/Apr/2020:16:35:17 +0000] "POST /api/ums/login HTTP/1.1" 200 231 "-" "PostmanRuntime/7.23.0"
::1 - - [12/Apr/2020:16:36:11 +0000] "POST /api/ums/login HTTP/1.1" 200 64 "-" "PostmanRuntime/7.23.0"
::1 - - [12/Apr/2020:16:36:42 +0000] "OPTIONS /api/ums/login HTTP/1.1" 204 0 "http://localhost:3000/login" "Mozilla/5.0 (Windows NT 10.0; Win64; x64) AppleWebKit/537.36 (KHTML, like Gecko) Chrome/80.0.3987.163 Safari/537.36"
::1 - - [12/Apr/2020:16:36:43 +0000] "POST /api/ums/login HTTP/1.1" 200 64 "http://localhost:3000/login" "Mozilla/5.0 (Windows NT 10.0; Win64; x64) AppleWebKit/537.36 (KHTML, like Gecko) Chrome/80.0.3987.163 Safari/537.36"
::1 - - [12/Apr/2020:16:37:50 +0000] "OPTIONS /api/ums/login HTTP/1.1" 204 0 "http://localhost:3000/login" "Mozilla/5.0 (Windows NT 10.0; Win64; x64) AppleWebKit/537.36 (KHTML, like Gecko) Chrome/80.0.3987.163 Safari/537.36"
::1 - - [12/Apr/2020:16:37:50 +0000] "POST /api/ums/login HTTP/1.1" 200 64 "http://localhost:3000/login" "Mozilla/5.0 (Windows NT 10.0; Win64; x64) AppleWebKit/537.36 (KHTML, like Gecko) Chrome/80.0.3987.163 Safari/537.36"
::1 - - [12/Apr/2020:16:38:31 +0000] "OPTIONS /api/ums/login HTTP/1.1" 204 0 "http://localhost:3000/login" "Mozilla/5.0 (Windows NT 10.0; Win64; x64) AppleWebKit/537.36 (KHTML, like Gecko) Chrome/80.0.3987.163 Safari/537.36"
::1 - - [12/Apr/2020:16:38:32 +0000] "POST /api/ums/login HTTP/1.1" 200 64 "http://localhost:3000/login" "Mozilla/5.0 (Windows NT 10.0; Win64; x64) AppleWebKit/537.36 (KHTML, like Gecko) Chrome/80.0.3987.163 Safari/537.36"
::1 - - [12/Apr/2020:16:40:02 +0000] "OPTIONS /api/ums/login HTTP/1.1" 204 0 "http://localhost:3000/login" "Mozilla/5.0 (Windows NT 10.0; Win64; x64) AppleWebKit/537.36 (KHTML, like Gecko) Chrome/80.0.3987.163 Safari/537.36"
::1 - - [12/Apr/2020:16:40:02 +0000] "POST /api/ums/login HTTP/1.1" 400 21 "http://localhost:3000/login" "Mozilla/5.0 (Windows NT 10.0; Win64; x64) AppleWebKit/537.36 (KHTML, like Gecko) Chrome/80.0.3987.163 Safari/537.36"
::1 - - [12/Apr/2020:16:40:46 +0000] "OPTIONS /api/ums/login HTTP/1.1" 204 0 "http://localhost:3000/login" "Mozilla/5.0 (Windows NT 10.0; Win64; x64) AppleWebKit/537.36 (KHTML, like Gecko) Chrome/80.0.3987.163 Safari/537.36"
::1 - - [12/Apr/2020:16:40:47 +0000] "POST /api/ums/login HTTP/1.1" 400 28 "http://localhost:3000/login" "Mozilla/5.0 (Windows NT 10.0; Win64; x64) AppleWebKit/537.36 (KHTML, like Gecko) Chrome/80.0.3987.163 Safari/537.36"
::1 - - [12/Apr/2020:17:15:33 +0000] "OPTIONS /api/ums/login HTTP/1.1" 204 0 "http://localhost:3000/login" "Mozilla/5.0 (Windows NT 10.0; Win64; x64) AppleWebKit/537.36 (KHTML, like Gecko) Chrome/80.0.3987.163 Safari/537.36"
::1 - - [12/Apr/2020:17:15:35 +0000] "POST /api/ums/login HTTP/1.1" 400 17 "http://localhost:3000/login" "Mozilla/5.0 (Windows NT 10.0; Win64; x64) AppleWebKit/537.36 (KHTML, like Gecko) Chrome/80.0.3987.163 Safari/537.36"
::1 - - [12/Apr/2020:17:15:43 +0000] "OPTIONS /api/ums/login HTTP/1.1" 204 0 "http://localhost:3000/login" "Mozilla/5.0 (Windows NT 10.0; Win64; x64) AppleWebKit/537.36 (KHTML, like Gecko) Chrome/80.0.3987.163 Safari/537.36"
::1 - - [12/Apr/2020:17:15:43 +0000] "POST /api/ums/login HTTP/1.1" 400 28 "http://localhost:3000/login" "Mozilla/5.0 (Windows NT 10.0; Win64; x64) AppleWebKit/537.36 (KHTML, like Gecko) Chrome/80.0.3987.163 Safari/537.36"
::1 - - [12/Apr/2020:17:15:50 +0000] "OPTIONS /api/ums/login HTTP/1.1" 204 0 "http://localhost:3000/login" "Mozilla/5.0 (Windows NT 10.0; Win64; x64) AppleWebKit/537.36 (KHTML, like Gecko) Chrome/80.0.3987.163 Safari/537.36"
::1 - - [12/Apr/2020:17:15:50 +0000] "POST /api/ums/login HTTP/1.1" 400 28 "http://localhost:3000/login" "Mozilla/5.0 (Windows NT 10.0; Win64; x64) AppleWebKit/537.36 (KHTML, like Gecko) Chrome/80.0.3987.163 Safari/537.36"
::1 - - [12/Apr/2020:17:16:14 +0000] "OPTIONS /api/ums/login HTTP/1.1" 204 0 "http://localhost:3000/login" "Mozilla/5.0 (Windows NT 10.0; Win64; x64) AppleWebKit/537.36 (KHTML, like Gecko) Chrome/80.0.3987.163 Safari/537.36"
::1 - - [12/Apr/2020:17:16:14 +0000] "POST /api/ums/login HTTP/1.1" 200 64 "http://localhost:3000/login" "Mozilla/5.0 (Windows NT 10.0; Win64; x64) AppleWebKit/537.36 (KHTML, like Gecko) Chrome/80.0.3987.163 Safari/537.36"
::1 - - [12/Apr/2020:17:16:25 +0000] "OPTIONS /api/ums/login HTTP/1.1" 204 0 "http://localhost:3000/login" "Mozilla/5.0 (Windows NT 10.0; Win64; x64) AppleWebKit/537.36 (KHTML, like Gecko) Chrome/80.0.3987.163 Safari/537.36"
::1 - - [12/Apr/2020:17:16:25 +0000] "POST /api/ums/login HTTP/1.1" 400 17 "http://localhost:3000/login" "Mozilla/5.0 (Windows NT 10.0; Win64; x64) AppleWebKit/537.36 (KHTML, like Gecko) Chrome/80.0.3987.163 Safari/537.36"
::1 - - [12/Apr/2020:17:16:54 +0000] "OPTIONS /api/ums/login HTTP/1.1" 204 0 "http://localhost:3000/login" "Mozilla/5.0 (Windows NT 10.0; Win64; x64) AppleWebKit/537.36 (KHTML, like Gecko) Chrome/80.0.3987.163 Safari/537.36"
::1 - - [12/Apr/2020:17:16:54 +0000] "POST /api/ums/login HTTP/1.1" 400 17 "http://localhost:3000/login" "Mozilla/5.0 (Windows NT 10.0; Win64; x64) AppleWebKit/537.36 (KHTML, like Gecko) Chrome/80.0.3987.163 Safari/537.36"
::1 - - [12/Apr/2020:17:17:32 +0000] "OPTIONS /api/ums/login HTTP/1.1" 204 0 "http://localhost:3000/login" "Mozilla/5.0 (Windows NT 10.0; Win64; x64) AppleWebKit/537.36 (KHTML, like Gecko) Chrome/80.0.3987.163 Safari/537.36"
::1 - - [12/Apr/2020:17:17:32 +0000] "POST /api/ums/login HTTP/1.1" 400 28 "http://localhost:3000/login" "Mozilla/5.0 (Windows NT 10.0; Win64; x64) AppleWebKit/537.36 (KHTML, like Gecko) Chrome/80.0.3987.163 Safari/537.36"
::1 - - [12/Apr/2020:17:20:28 +0000] "POST /api/ums/login HTTP/1.1" 200 64 "-" "PostmanRuntime/7.23.0"
::1 - - [12/Apr/2020:17:20:31 +0000] "POST /api/ums/login HTTP/1.1" 400 28 "-" "PostmanRuntime/7.23.0"
::1 - - [12/Apr/2020:17:21:10 +0000] "OPTIONS /api/ums/login HTTP/1.1" 204 0 "http://localhost:3000/login" "Mozilla/5.0 (Windows NT 10.0; Win64; x64) AppleWebKit/537.36 (KHTML, like Gecko) Chrome/80.0.3987.163 Safari/537.36"
::1 - - [12/Apr/2020:17:21:10 +0000] "POST /api/ums/login HTTP/1.1" 400 28 "http://localhost:3000/login" "Mozilla/5.0 (Windows NT 10.0; Win64; x64) AppleWebKit/537.36 (KHTML, like Gecko) Chrome/80.0.3987.163 Safari/537.36"
::1 - - [12/Apr/2020:17:21:35 +0000] "OPTIONS /api/ums/login HTTP/1.1" 204 0 "http://localhost:3000/login" "Mozilla/5.0 (Windows NT 10.0; Win64; x64) AppleWebKit/537.36 (KHTML, like Gecko) Chrome/80.0.3987.163 Safari/537.36"
::1 - - [12/Apr/2020:17:21:35 +0000] "POST /api/ums/login HTTP/1.1" 400 28 "http://localhost:3000/login" "Mozilla/5.0 (Windows NT 10.0; Win64; x64) AppleWebKit/537.36 (KHTML, like Gecko) Chrome/80.0.3987.163 Safari/537.36"
::1 - - [12/Apr/2020:17:22:04 +0000] "OPTIONS /api/ums/login HTTP/1.1" 204 0 "http://localhost:3000/login" "Mozilla/5.0 (Windows NT 10.0; Win64; x64) AppleWebKit/537.36 (KHTML, like Gecko) Chrome/80.0.3987.163 Safari/537.36"
::1 - - [12/Apr/2020:17:22:04 +0000] "POST /api/ums/login HTTP/1.1" 400 28 "http://localhost:3000/login" "Mozilla/5.0 (Windows NT 10.0; Win64; x64) AppleWebKit/537.36 (KHTML, like Gecko) Chrome/80.0.3987.163 Safari/537.36"
::1 - - [12/Apr/2020:17:22:32 +0000] "OPTIONS /api/ums/login HTTP/1.1" 204 0 "http://localhost:3000/login" "Mozilla/5.0 (Windows NT 10.0; Win64; x64) AppleWebKit/537.36 (KHTML, like Gecko) Chrome/80.0.3987.163 Safari/537.36"
::1 - - [12/Apr/2020:17:22:32 +0000] "POST /api/ums/login HTTP/1.1" 400 28 "http://localhost:3000/login" "Mozilla/5.0 (Windows NT 10.0; Win64; x64) AppleWebKit/537.36 (KHTML, like Gecko) Chrome/80.0.3987.163 Safari/537.36"
::1 - - [12/Apr/2020:17:24:53 +0000] "OPTIONS /api/ums/login HTTP/1.1" 204 0 "http://localhost:3000/login" "Mozilla/5.0 (Windows NT 10.0; Win64; x64) AppleWebKit/537.36 (KHTML, like Gecko) Chrome/80.0.3987.163 Safari/537.36"
::1 - - [12/Apr/2020:17:24:54 +0000] "POST /api/ums/login HTTP/1.1" 400 28 "http://localhost:3000/login" "Mozilla/5.0 (Windows NT 10.0; Win64; x64) AppleWebKit/537.36 (KHTML, like Gecko) Chrome/80.0.3987.163 Safari/537.36"
::1 - - [12/Apr/2020:17:25:24 +0000] "OPTIONS /api/ums/login HTTP/1.1" 204 0 "http://localhost:3000/login" "Mozilla/5.0 (Windows NT 10.0; Win64; x64) AppleWebKit/537.36 (KHTML, like Gecko) Chrome/80.0.3987.163 Safari/537.36"
::1 - - [12/Apr/2020:17:25:24 +0000] "POST /api/ums/login HTTP/1.1" 400 28 "http://localhost:3000/login" "Mozilla/5.0 (Windows NT 10.0; Win64; x64) AppleWebKit/537.36 (KHTML, like Gecko) Chrome/80.0.3987.163 Safari/537.36"
::1 - - [12/Apr/2020:17:26:43 +0000] "OPTIONS /api/ums/login HTTP/1.1" 204 0 "http://localhost:3000/login" "Mozilla/5.0 (Windows NT 10.0; Win64; x64) AppleWebKit/537.36 (KHTML, like Gecko) Chrome/80.0.3987.163 Safari/537.36"
::1 - - [12/Apr/2020:17:26:43 +0000] "POST /api/ums/login HTTP/1.1" 400 28 "http://localhost:3000/login" "Mozilla/5.0 (Windows NT 10.0; Win64; x64) AppleWebKit/537.36 (KHTML, like Gecko) Chrome/80.0.3987.163 Safari/537.36"
::1 - - [12/Apr/2020:17:27:01 +0000] "OPTIONS /api/ums/login HTTP/1.1" 204 0 "http://localhost:3000/login" "Mozilla/5.0 (Windows NT 10.0; Win64; x64) AppleWebKit/537.36 (KHTML, like Gecko) Chrome/80.0.3987.163 Safari/537.36"
::1 - - [12/Apr/2020:17:27:01 +0000] "POST /api/ums/login HTTP/1.1" 400 28 "http://localhost:3000/login" "Mozilla/5.0 (Windows NT 10.0; Win64; x64) AppleWebKit/537.36 (KHTML, like Gecko) Chrome/80.0.3987.163 Safari/537.36"
::1 - - [12/Apr/2020:17:27:23 +0000] "OPTIONS /api/ums/login HTTP/1.1" 204 0 "http://localhost:3000/login" "Mozilla/5.0 (Windows NT 10.0; Win64; x64) AppleWebKit/537.36 (KHTML, like Gecko) Chrome/80.0.3987.163 Safari/537.36"
::1 - - [12/Apr/2020:17:27:23 +0000] "POST /api/ums/login HTTP/1.1" 400 28 "http://localhost:3000/login" "Mozilla/5.0 (Windows NT 10.0; Win64; x64) AppleWebKit/537.36 (KHTML, like Gecko) Chrome/80.0.3987.163 Safari/537.36"
::1 - - [12/Apr/2020:17:28:41 +0000] "OPTIONS /api/ums/login HTTP/1.1" 204 0 "http://localhost:3000/login" "Mozilla/5.0 (Windows NT 10.0; Win64; x64) AppleWebKit/537.36 (KHTML, like Gecko) Chrome/80.0.3987.163 Safari/537.36"
::1 - - [12/Apr/2020:17:28:41 +0000] "POST /api/ums/login HTTP/1.1" 400 28 "http://localhost:3000/login" "Mozilla/5.0 (Windows NT 10.0; Win64; x64) AppleWebKit/537.36 (KHTML, like Gecko) Chrome/80.0.3987.163 Safari/537.36"
::1 - - [12/Apr/2020:17:29:05 +0000] "OPTIONS /api/ums/login HTTP/1.1" 204 0 "http://localhost:3000/login" "Mozilla/5.0 (Windows NT 10.0; Win64; x64) AppleWebKit/537.36 (KHTML, like Gecko) Chrome/80.0.3987.163 Safari/537.36"
::1 - - [12/Apr/2020:17:29:05 +0000] "POST /api/ums/login HTTP/1.1" 400 28 "http://localhost:3000/login" "Mozilla/5.0 (Windows NT 10.0; Win64; x64) AppleWebKit/537.36 (KHTML, like Gecko) Chrome/80.0.3987.163 Safari/537.36"
::1 - - [12/Apr/2020:17:29:14 +0000] "OPTIONS /api/ums/login HTTP/1.1" 204 0 "http://localhost:3000/login" "Mozilla/5.0 (Windows NT 10.0; Win64; x64) AppleWebKit/537.36 (KHTML, like Gecko) Chrome/80.0.3987.163 Safari/537.36"
::1 - - [12/Apr/2020:17:29:14 +0000] "POST /api/ums/login HTTP/1.1" 400 28 "http://localhost:3000/login" "Mozilla/5.0 (Windows NT 10.0; Win64; x64) AppleWebKit/537.36 (KHTML, like Gecko) Chrome/80.0.3987.163 Safari/537.36"
::1 - - [12/Apr/2020:17:29:32 +0000] "OPTIONS /api/ums/login HTTP/1.1" 204 0 "http://localhost:3000/login" "Mozilla/5.0 (Windows NT 10.0; Win64; x64) AppleWebKit/537.36 (KHTML, like Gecko) Chrome/80.0.3987.163 Safari/537.36"
::1 - - [12/Apr/2020:17:29:32 +0000] "POST /api/ums/login HTTP/1.1" 400 28 "http://localhost:3000/login" "Mozilla/5.0 (Windows NT 10.0; Win64; x64) AppleWebKit/537.36 (KHTML, like Gecko) Chrome/80.0.3987.163 Safari/537.36"
::1 - - [12/Apr/2020:17:29:51 +0000] "OPTIONS /api/ums/login HTTP/1.1" 204 0 "http://localhost:3000/login" "Mozilla/5.0 (Windows NT 10.0; Win64; x64) AppleWebKit/537.36 (KHTML, like Gecko) Chrome/80.0.3987.163 Safari/537.36"
::1 - - [12/Apr/2020:17:29:51 +0000] "POST /api/ums/login HTTP/1.1" 400 28 "http://localhost:3000/login" "Mozilla/5.0 (Windows NT 10.0; Win64; x64) AppleWebKit/537.36 (KHTML, like Gecko) Chrome/80.0.3987.163 Safari/537.36"
::1 - - [12/Apr/2020:17:30:06 +0000] "OPTIONS /api/ums/login HTTP/1.1" 204 0 "http://localhost:3000/login" "Mozilla/5.0 (Windows NT 10.0; Win64; x64) AppleWebKit/537.36 (KHTML, like Gecko) Chrome/80.0.3987.163 Safari/537.36"
::1 - - [12/Apr/2020:17:30:06 +0000] "POST /api/ums/login HTTP/1.1" 400 28 "http://localhost:3000/login" "Mozilla/5.0 (Windows NT 10.0; Win64; x64) AppleWebKit/537.36 (KHTML, like Gecko) Chrome/80.0.3987.163 Safari/537.36"
::1 - - [12/Apr/2020:17:30:18 +0000] "OPTIONS /api/ums/login HTTP/1.1" 204 0 "http://localhost:3000/login" "Mozilla/5.0 (Windows NT 10.0; Win64; x64) AppleWebKit/537.36 (KHTML, like Gecko) Chrome/80.0.3987.163 Safari/537.36"
::1 - - [12/Apr/2020:17:30:18 +0000] "POST /api/ums/login HTTP/1.1" 400 28 "http://localhost:3000/login" "Mozilla/5.0 (Windows NT 10.0; Win64; x64) AppleWebKit/537.36 (KHTML, like Gecko) Chrome/80.0.3987.163 Safari/537.36"
::1 - - [12/Apr/2020:17:30:33 +0000] "OPTIONS /api/ums/login HTTP/1.1" 204 0 "http://localhost:3000/login" "Mozilla/5.0 (Windows NT 10.0; Win64; x64) AppleWebKit/537.36 (KHTML, like Gecko) Chrome/80.0.3987.163 Safari/537.36"
::1 - - [12/Apr/2020:17:30:33 +0000] "POST /api/ums/login HTTP/1.1" 400 28 "http://localhost:3000/login" "Mozilla/5.0 (Windows NT 10.0; Win64; x64) AppleWebKit/537.36 (KHTML, like Gecko) Chrome/80.0.3987.163 Safari/537.36"
::1 - - [12/Apr/2020:17:30:50 +0000] "OPTIONS /api/ums/login HTTP/1.1" 204 0 "http://localhost:3000/login" "Mozilla/5.0 (Windows NT 10.0; Win64; x64) AppleWebKit/537.36 (KHTML, like Gecko) Chrome/80.0.3987.163 Safari/537.36"
::1 - - [12/Apr/2020:17:30:50 +0000] "POST /api/ums/login HTTP/1.1" 400 28 "http://localhost:3000/login" "Mozilla/5.0 (Windows NT 10.0; Win64; x64) AppleWebKit/537.36 (KHTML, like Gecko) Chrome/80.0.3987.163 Safari/537.36"
::1 - - [12/Apr/2020:17:31:33 +0000] "OPTIONS /api/ums/login HTTP/1.1" 204 0 "http://localhost:3000/login" "Mozilla/5.0 (Windows NT 10.0; Win64; x64) AppleWebKit/537.36 (KHTML, like Gecko) Chrome/80.0.3987.163 Safari/537.36"
::1 - - [12/Apr/2020:17:31:35 +0000] "POST /api/ums/login HTTP/1.1" 400 14 "http://localhost:3000/login" "Mozilla/5.0 (Windows NT 10.0; Win64; x64) AppleWebKit/537.36 (KHTML, like Gecko) Chrome/80.0.3987.163 Safari/537.36"
::1 - - [12/Apr/2020:17:31:58 +0000] "OPTIONS /api/ums/login HTTP/1.1" 204 0 "http://localhost:3000/login" "Mozilla/5.0 (Windows NT 10.0; Win64; x64) AppleWebKit/537.36 (KHTML, like Gecko) Chrome/80.0.3987.163 Safari/537.36"
::1 - - [12/Apr/2020:17:31:59 +0000] "POST /api/ums/login HTTP/1.1" 400 16 "http://localhost:3000/login" "Mozilla/5.0 (Windows NT 10.0; Win64; x64) AppleWebKit/537.36 (KHTML, like Gecko) Chrome/80.0.3987.163 Safari/537.36"
::1 - - [12/Apr/2020:17:31:59 +0000] "POST /api/ums/login HTTP/1.1" 400 16 "http://localhost:3000/login" "Mozilla/5.0 (Windows NT 10.0; Win64; x64) AppleWebKit/537.36 (KHTML, like Gecko) Chrome/80.0.3987.163 Safari/537.36"
::1 - - [12/Apr/2020:17:32:04 +0000] "OPTIONS /api/ums/login HTTP/1.1" 204 0 "http://localhost:3000/login" "Mozilla/5.0 (Windows NT 10.0; Win64; x64) AppleWebKit/537.36 (KHTML, like Gecko) Chrome/80.0.3987.163 Safari/537.36"
::1 - - [12/Apr/2020:17:32:04 +0000] "POST /api/ums/login HTTP/1.1" 400 16 "http://localhost:3000/login" "Mozilla/5.0 (Windows NT 10.0; Win64; x64) AppleWebKit/537.36 (KHTML, like Gecko) Chrome/80.0.3987.163 Safari/537.36"
::1 - - [12/Apr/2020:17:33:06 +0000] "OPTIONS /api/ums/login HTTP/1.1" 204 0 "http://localhost:3000/login" "Mozilla/5.0 (Windows NT 10.0; Win64; x64) AppleWebKit/537.36 (KHTML, like Gecko) Chrome/80.0.3987.163 Safari/537.36"
::1 - - [12/Apr/2020:17:33:06 +0000] "POST /api/ums/login HTTP/1.1" 400 16 "http://localhost:3000/login" "Mozilla/5.0 (Windows NT 10.0; Win64; x64) AppleWebKit/537.36 (KHTML, like Gecko) Chrome/80.0.3987.163 Safari/537.36"
::1 - - [12/Apr/2020:17:33:23 +0000] "OPTIONS /api/ums/login HTTP/1.1" 204 0 "http://localhost:3000/login" "Mozilla/5.0 (Windows NT 10.0; Win64; x64) AppleWebKit/537.36 (KHTML, like Gecko) Chrome/80.0.3987.163 Safari/537.36"
::1 - - [12/Apr/2020:17:33:23 +0000] "POST /api/ums/login HTTP/1.1" 400 16 "http://localhost:3000/login" "Mozilla/5.0 (Windows NT 10.0; Win64; x64) AppleWebKit/537.36 (KHTML, like Gecko) Chrome/80.0.3987.163 Safari/537.36"
::1 - - [12/Apr/2020:17:34:01 +0000] "OPTIONS /api/ums/login HTTP/1.1" 204 0 "http://localhost:3000/login" "Mozilla/5.0 (Windows NT 10.0; Win64; x64) AppleWebKit/537.36 (KHTML, like Gecko) Chrome/80.0.3987.163 Safari/537.36"
::1 - - [12/Apr/2020:17:34:01 +0000] "POST /api/ums/login HTTP/1.1" 400 16 "http://localhost:3000/login" "Mozilla/5.0 (Windows NT 10.0; Win64; x64) AppleWebKit/537.36 (KHTML, like Gecko) Chrome/80.0.3987.163 Safari/537.36"
::1 - - [12/Apr/2020:17:34:26 +0000] "OPTIONS /api/ums/login HTTP/1.1" 204 0 "http://localhost:3000/login" "Mozilla/5.0 (Windows NT 10.0; Win64; x64) AppleWebKit/537.36 (KHTML, like Gecko) Chrome/80.0.3987.163 Safari/537.36"
::1 - - [12/Apr/2020:17:34:26 +0000] "POST /api/ums/login HTTP/1.1" 400 16 "http://localhost:3000/login" "Mozilla/5.0 (Windows NT 10.0; Win64; x64) AppleWebKit/537.36 (KHTML, like Gecko) Chrome/80.0.3987.163 Safari/537.36"
::1 - - [12/Apr/2020:17:34:40 +0000] "OPTIONS /api/ums/login HTTP/1.1" 204 0 "http://localhost:3000/login" "Mozilla/5.0 (Windows NT 10.0; Win64; x64) AppleWebKit/537.36 (KHTML, like Gecko) Chrome/80.0.3987.163 Safari/537.36"
::1 - - [12/Apr/2020:17:34:40 +0000] "POST /api/ums/login HTTP/1.1" 400 14 "http://localhost:3000/login" "Mozilla/5.0 (Windows NT 10.0; Win64; x64) AppleWebKit/537.36 (KHTML, like Gecko) Chrome/80.0.3987.163 Safari/537.36"
::1 - - [12/Apr/2020:17:34:44 +0000] "POST /api/ums/login HTTP/1.1" 400 16 "http://localhost:3000/login" "Mozilla/5.0 (Windows NT 10.0; Win64; x64) AppleWebKit/537.36 (KHTML, like Gecko) Chrome/80.0.3987.163 Safari/537.36"
::1 - - [12/Apr/2020:17:35:05 +0000] "OPTIONS /api/ums/login HTTP/1.1" 204 0 "http://localhost:3000/login" "Mozilla/5.0 (Windows NT 10.0; Win64; x64) AppleWebKit/537.36 (KHTML, like Gecko) Chrome/80.0.3987.163 Safari/537.36"
::1 - - [12/Apr/2020:17:35:05 +0000] "POST /api/ums/login HTTP/1.1" 400 16 "http://localhost:3000/login" "Mozilla/5.0 (Windows NT 10.0; Win64; x64) AppleWebKit/537.36 (KHTML, like Gecko) Chrome/80.0.3987.163 Safari/537.36"
::1 - - [12/Apr/2020:17:35:16 +0000] "OPTIONS /api/ums/login HTTP/1.1" 204 0 "http://localhost:3000/login" "Mozilla/5.0 (Windows NT 10.0; Win64; x64) AppleWebKit/537.36 (KHTML, like Gecko) Chrome/80.0.3987.163 Safari/537.36"
::1 - - [12/Apr/2020:17:35:17 +0000] "POST /api/ums/login HTTP/1.1" 400 14 "http://localhost:3000/login" "Mozilla/5.0 (Windows NT 10.0; Win64; x64) AppleWebKit/537.36 (KHTML, like Gecko) Chrome/80.0.3987.163 Safari/537.36"
::1 - - [12/Apr/2020:17:35:21 +0000] "POST /api/ums/login HTTP/1.1" 400 16 "http://localhost:3000/login" "Mozilla/5.0 (Windows NT 10.0; Win64; x64) AppleWebKit/537.36 (KHTML, like Gecko) Chrome/80.0.3987.163 Safari/537.36"
::1 - - [12/Apr/2020:17:35:33 +0000] "OPTIONS /api/ums/login HTTP/1.1" 204 0 "http://localhost:3000/login" "Mozilla/5.0 (Windows NT 10.0; Win64; x64) AppleWebKit/537.36 (KHTML, like Gecko) Chrome/80.0.3987.163 Safari/537.36"
::1 - - [12/Apr/2020:17:35:33 +0000] "POST /api/ums/login HTTP/1.1" 400 16 "http://localhost:3000/login" "Mozilla/5.0 (Windows NT 10.0; Win64; x64) AppleWebKit/537.36 (KHTML, like Gecko) Chrome/80.0.3987.163 Safari/537.36"
::1 - - [12/Apr/2020:17:36:14 +0000] "OPTIONS /api/ums/login HTTP/1.1" 204 0 "http://localhost:3000/login" "Mozilla/5.0 (Windows NT 10.0; Win64; x64) AppleWebKit/537.36 (KHTML, like Gecko) Chrome/80.0.3987.163 Safari/537.36"
::1 - - [12/Apr/2020:17:36:14 +0000] "POST /api/ums/login HTTP/1.1" 200 64 "http://localhost:3000/login" "Mozilla/5.0 (Windows NT 10.0; Win64; x64) AppleWebKit/537.36 (KHTML, like Gecko) Chrome/80.0.3987.163 Safari/537.36"
